<?xml version="1.0" encoding="UTF-8"?>
<!-- Generated by org.testng.reporters.JUnitXMLReporter -->
<testsuite ignored="4" hostname="DESKTOP-E76I3N8" failures="0" tests="10" name="Test1" time="34.589" errors="0" timestamp="2022-05-09T22:06:01 CDT">
  <testcase classname="script.Demo4" name="testA" time="0.008"/>
  <testcase classname="script.Demo4" name="testB" time="0.003"/>
  <testcase classname="script.Demo5" name="test_report" time="0.401"/>
  <testcase classname="script.Demo1" name="test1" time="0.846"/>
  <testcase classname="script.Demo2" name="test2" time="0.009"/>
  <testcase classname="script.Demo2" name="test2" time="0.008"/>
  <testcase classname="script.Demo2" name="test2" time="0.008"/>
  <testcase classname="script.Demo3" name="test3" time="0.001"/>
  <testcase classname="script.Demo3" name="test3" time="0.002"/>
  <testcase classname="script.Demo3" name="test3" time="0.001"/>
  <testcase classname="generic.BaseTest" name="@BeforeSuite initReport" time="0.0">
    <ignored/>
  </testcase> <!-- @BeforeSuite initReport -->
  <testcase classname="generic.BaseTest" name="@BeforeSuite initReport" time="0.0">
    <ignored/>
  </testcase> <!-- @BeforeSuite initReport -->
  <testcase classname="generic.BaseTest" name="@AfterSuite publishReport" time="0.0">
    <ignored/>
  </testcase> <!-- @AfterSuite publishReport -->
  <testcase classname="generic.BaseTest" name="@AfterSuite publishReport" time="0.0">
    <ignored/>
  </testcase> <!-- @AfterSuite publishReport -->
</testsuite> <!-- Test1 -->
