<?xml version="1.0" encoding="UTF-8"?>
<!-- Generated by org.testng.reporters.JUnitXMLReporter -->
<testsuite ignored="0" hostname="DESKTOP-E76I3N8" failures="0" tests="9" name="Test1" time="106.772" errors="0" timestamp="2022-05-08T22:40:27 CDT">
  <testcase classname="script.Demo4" name="testA" time="0.005"/>
  <testcase classname="script.Demo4" name="testB" time="0.002"/>
  <testcase classname="script.Demo1" name="test1" time="4.814"/>
  <testcase classname="script.Demo2" name="test2" time="0.011"/>
  <testcase classname="script.Demo2" name="test2" time="0.01"/>
  <testcase classname="script.Demo2" name="test2" time="0.035"/>
  <testcase classname="script.Demo3" name="test3" time="0.001"/>
  <testcase classname="script.Demo3" name="test3" time="0.0"/>
  <testcase classname="script.Demo3" name="test3" time="0.0"/>
</testsuite> <!-- Test1 -->
