<?xml version="1.0" encoding="UTF-8"?>
<!-- Generated by org.testng.reporters.JUnitXMLReporter -->
<testsuite ignored="0" hostname="DESKTOP-E76I3N8" failures="0" tests="9" name="Test2" time="153.719" errors="0" timestamp="2022-05-08T22:41:14 CDT">
  <testcase classname="script.Demo4" name="testA" time="0.005"/>
  <testcase classname="script.Demo4" name="testB" time="0.001"/>
  <testcase classname="script.Demo1" name="test1" time="6.125"/>
  <testcase classname="script.Demo2" name="test2" time="0.014"/>
  <testcase classname="script.Demo2" name="test2" time="0.005"/>
  <testcase classname="script.Demo2" name="test2" time="0.005"/>
  <testcase classname="script.Demo3" name="test3" time="0.0"/>
  <testcase classname="script.Demo3" name="test3" time="0.0"/>
  <testcase classname="script.Demo3" name="test3" time="0.0"/>
</testsuite> <!-- Test2 -->
