<?xml version="1.0" encoding="UTF-8"?>
<testsuite xmlns:xsi="http://www.w3.org/2001/XMLSchema-instance" xsi:noNamespaceSchemaLocation="https://maven.apache.org/surefire/maven-surefire-plugin/xsd/surefire-test-report-3.0.xsd" version="3.0" name="TestSuite" time="154.557" tests="18" errors="0" skipped="0" failures="0">
  <properties>
[...]
</properties>
  <testcase name="testA" classname="script.Demo4" time="0.004">
    <system-out><![CDATA[Next method is:testA
Next method is:testA
testA
testA
]]></system-out>
    <system-err><![CDATA[SLF4J: Failed to load class "org.slf4j.impl.StaticLoggerBinder".
SLF4J: Defaulting to no-operation (NOP) logger implementation
SLF4J: See http://www.slf4j.org/codes.html#StaticLoggerBinder for further details.
]]></system-err>
  </testcase>
  <testcase name="testA" classname="script.Demo4" time="0.005"/>
  <testcase name="testB" classname="script.Demo4" time="0">
    <system-out><![CDATA[Next method is:testB
testB
]]></system-out>
  </testcase>
  <testcase name="testB" classname="script.Demo4" time="0">
    <system-out><![CDATA[Next method is:testB
testB
]]></system-out>
  </testcase>
  <testcase name="test1" classname="script.Demo1" time="4.814">
    <system-out><![CDATA[Google
Facebook - log in or sign up
admin
admin
manager
manager
bhanu
bhanu
abcd
abcd
akshara
akshara
xyz
]]></system-out>
    <system-err><![CDATA[ERROR StatusLogger Log4j2 could not find a logging implementation. Please add log4j-core to the classpath. Using SimpleLogger to log to the console...
Starting ChromeDriver 101.0.4951.41 (93c720db8323b3ec10d056025ab95c23a31997c9-refs/branch-heads/4951@{#904}) on port 54613
Only local connections are allowed.
Please see https://chromedriver.chromium.org/security-considerations for suggestions on keeping ChromeDriver safe.
ChromeDriver was started successfully.
1652067522243	geckodriver	INFO	Listening on 127.0.0.1:52471
1652067522322	mozrunner::runner	INFO	Running command: "C:\\Program Files\\Mozilla Firefox\\firefox.exe" "--marionette" "--remote-debugging-port" "63394" "--remote-allow-hosts" "localhost" "-no-remote" "-profile" "C:\\Users\\navin\\AppData\\Local\\Temp\\rust_mozprofileANqDPj"
1652067524432	Marionette	INFO	Marionette enabled
May 08, 2022 10:38:46 PM org.openqa.selenium.remote.ProtocolHandshake createSession
INFO: Detected dialect: W3C
May 08, 2022 10:38:47 PM org.openqa.selenium.devtools.CdpVersionFinder findNearestMatch
INFO: Found exact CDP implementation for version 101
console.warn: SearchSettings: "get: No settings file exists, new profile?" (new NotFoundError("Could not open the file at C:\\Users\\navin\\AppData\\Local\\Temp\\rust_mozprofileANqDPj\\search.json.mozlz4", (void 0)))
DevTools listening on ws://localhost:63394/devtools/browser/ef83feb3-23ca-4ed7-8d45-93501663c7b3
1652067530794	Marionette	INFO	Listening on port 62373
Read port: 62373
1652067532454	RemoteAgent	WARN	TLS certificate errors will be ignored for this session
May 08, 2022 10:38:52 PM org.openqa.selenium.remote.ProtocolHandshake createSession
INFO: Detected dialect: W3C
]]></system-err>
  </testcase>
  <testcase name="test1" classname="script.Demo1" time="4.856">
    <system-out><![CDATA[xyz
]]></system-out>
  </testcase>
  <testcase name="test2[[Ljava.lang.String;@6ed14594](1)" classname="script.Demo2" time="0.273">
    <system-out><![CDATA[Facebook - log in or sign up
A1
B1
]]></system-out>
    <system-err><![CDATA[1652067549998	Marionette	INFO	Stopped listening on port 62373
May 08, 2022 10:39:10 PM org.openqa.selenium.remote.http.WebSocket$Listener onError
WARNING: Connection reset
java.net.SocketException: Connection reset
	at java.base/sun.nio.ch.SocketChannelImpl.throwConnectionReset(SocketChannelImpl.java:394)
	at java.base/sun.nio.ch.SocketChannelImpl.read(SocketChannelImpl.java:426)
	at io.netty.buffer.PooledByteBuf.setBytes(PooledByteBuf.java:258)
	at io.netty.buffer.AbstractByteBuf.writeBytes(AbstractByteBuf.java:1132)
	at io.netty.channel.socket.nio.NioSocketChannel.doReadBytes(NioSocketChannel.java:357)
	at io.netty.channel.nio.AbstractNioByteChannel$NioByteUnsafe.read(AbstractNioByteChannel.java:151)
	at io.netty.channel.nio.NioEventLoop.processSelectedKey(NioEventLoop.java:722)
	at io.netty.channel.nio.NioEventLoop.processSelectedKeysOptimized(NioEventLoop.java:658)
	at io.netty.channel.nio.NioEventLoop.processSelectedKeys(NioEventLoop.java:584)
	at io.netty.channel.nio.NioEventLoop.run(NioEventLoop.java:496)
	at io.netty.util.concurrent.SingleThreadEventExecutor$4.run(SingleThreadEventExecutor.java:986)
	at io.netty.util.internal.ThreadExecutorMap$2.run(ThreadExecutorMap.java:74)
	at io.netty.util.concurrent.FastThreadLocalRunnable.run(FastThreadLocalRunnable.java:30)
	at java.base/java.lang.Thread.run(Thread.java:833)

[Parent 19036, IPC I/O Parent] WARNING: file /builds/worker/checkouts/gecko/ipc/chromium/src/base/process_util_win.cc:167
Starting ChromeDriver 101.0.4951.41 (93c720db8323b3ec10d056025ab95c23a31997c9-refs/branch-heads/4951@{#904}) on port 62172
Only local connections are allowed.
Please see https://chromedriver.chromium.org/security-considerations for suggestions on keeping ChromeDriver safe.
ChromeDriver was started successfully.
May 08, 2022 10:39:14 PM org.openqa.selenium.remote.ProtocolHandshake createSession
INFO: Detected dialect: W3C
May 08, 2022 10:39:14 PM org.openqa.selenium.devtools.CdpVersionFinder findNearestMatch
INFO: Found exact CDP implementation for version 101
1652067554836	geckodriver	INFO	Listening on 127.0.0.1:59655
1652067555041	mozrunner::runner	INFO	Running command: "C:\\Program Files\\Mozilla Firefox\\firefox.exe" "--marionette" "--remote-debugging-port" "50948" "--remote-allow-hosts" "localhost" "-no-remote" "-profile" "C:\\Users\\navin\\AppData\\Local\\Temp\\rust_mozprofileRbbLv0"
1652067558028	Marionette	INFO	Marionette enabled
]]></system-err>
  </testcase>
  <testcase name="test2[[Ljava.lang.String;@755b6969](2)" classname="script.Demo2" time="0.012">
    <system-out><![CDATA[Facebook - log in or sign up
A2
B2
]]></system-out>
    <system-err><![CDATA[Starting ChromeDriver 101.0.4951.41 (93c720db8323b3ec10d056025ab95c23a31997c9-refs/branch-heads/4951@{#904}) on port 60190
Only local connections are allowed.
Please see https://chromedriver.chromium.org/security-considerations for suggestions on keeping ChromeDriver safe.
ChromeDriver was started successfully.
console.error: Region.jsm: "Error fetching region" (new Error("TIMEOUT", "resource://gre/modules/Region.jsm", 772))
console.error: Region.jsm: "Failed to fetch region" (new Error("TIMEOUT", "resource://gre/modules/Region.jsm", 419))
May 08, 2022 10:39:29 PM org.openqa.selenium.remote.ProtocolHandshake createSession
INFO: Detected dialect: W3C
May 08, 2022 10:39:29 PM org.openqa.selenium.devtools.CdpVersionFinder findNearestMatch
INFO: Found exact CDP implementation for version 101
console.warn: SearchSettings: "get: No settings file exists, new profile?" (new NotFoundError("Could not open the file at C:\\Users\\navin\\AppData\\Local\\Temp\\rust_mozprofileRbbLv0\\search.json.mozlz4", (void 0)))
DevTools listening on ws://localhost:50948/devtools/browser/12a652b6-b73b-400a-860f-298ca52c28f7
1652067573740	Marionette	INFO	Listening on port 62703
Read port: 62703
1652067574207	RemoteAgent	WARN	TLS certificate errors will be ignored for this session
May 08, 2022 10:39:34 PM org.openqa.selenium.remote.ProtocolHandshake createSession
INFO: Detected dialect: W3C
]]></system-err>
  </testcase>
  <testcase name="test2[[Ljava.lang.String;@25dbf374](1)" classname="script.Demo2" time="0.016">
    <system-out><![CDATA[Google
A1
B1
]]></system-out>
  </testcase>
  <testcase name="test2[[Ljava.lang.String;@2b44b73d](3)" classname="script.Demo2" time="0.038">
    <system-out><![CDATA[Facebook - log in or sign up
A3
B3
]]></system-out>
    <system-err><![CDATA[1652067578627	Marionette	INFO	Stopped listening on port 62703
console.warn: SearchService: "_init: abandoning init due to shutting down"
JavaScript error: , line 0: uncaught exception: 2147500036
JavaScript error: , line 0: uncaught exception: 2147500036
JavaScript error: , line 0: uncaught exception: 2147500036
JavaScript error: , line 0: uncaught exception: 2147500036
JavaScript error: , line 0: uncaught exception: 2147500036
JavaScript error: , line 0: uncaught exception: 2147500036
JavaScript error: , line 0: uncaught exception: 2147500036
JavaScript error: , line 0: uncaught exception: 2147500036
JavaScript error: , line 0: uncaught exception: 2147500036
JavaScript error: resource://gre/modules/UrlClassifierListManager.jsm, line 691: TypeError: this.tablesData[table] is undefined
[Parent 15904, IPC I/O Parent] WARNING: file /builds/worker/checkouts/gecko/ipc/chromium/src/base/process_util_win.cc:167
[Parent 15904, IPC I/O Parent] WARNING: file /builds/worker/checkouts/gecko/ipc/chromium/src/base/process_util_win.cc:167
Starting ChromeDriver 101.0.4951.41 (93c720db8323b3ec10d056025ab95c23a31997c9-refs/branch-heads/4951@{#904}) on port 53001
Only local connections are allowed.
Please see https://chromedriver.chromium.org/security-considerations for suggestions on keeping ChromeDriver safe.
ChromeDriver was started successfully.
1652067582892	geckodriver	INFO	Listening on 127.0.0.1:62930
1652067583043	mozrunner::runner	INFO	Running command: "C:\\Program Files\\Mozilla Firefox\\firefox.exe" "--marionette" "--remote-debugging-port" "61100" "--remote-allow-hosts" "localhost" "-no-remote" "-profile" "C:\\Users\\navin\\AppData\\Local\\Temp\\rust_mozprofileanoszK"
May 08, 2022 10:39:43 PM org.openqa.selenium.remote.ProtocolHandshake createSession
INFO: Detected dialect: W3C
May 08, 2022 10:39:43 PM org.openqa.selenium.devtools.CdpVersionFinder findNearestMatch
INFO: Found exact CDP implementation for version 101
1652067584410	Marionette	INFO	Marionette enabled
]]></system-err>
  </testcase>
  <testcase name="test2[[Ljava.lang.String;@21527911](2)" classname="script.Demo2" time="0.01">
    <system-out><![CDATA[Google
A2
B2
]]></system-out>
    <system-err><![CDATA[console.warn: SearchSettings: "get: No settings file exists, new profile?" (new NotFoundError("Could not open the file at C:\\Users\\navin\\AppData\\Local\\Temp\\rust_mozprofileanoszK\\search.json.mozlz4", (void 0)))
DevTools listening on ws://localhost:61100/devtools/browser/27fcc893-81c1-46f3-ae01-a5141067f60b
1652067591972	Marionette	INFO	Listening on port 62968
Read port: 62968
1652067596458	RemoteAgent	WARN	TLS certificate errors will be ignored for this session
May 08, 2022 10:39:56 PM org.openqa.selenium.remote.ProtocolHandshake createSession
INFO: Detected dialect: W3C
Starting ChromeDriver 101.0.4951.41 (93c720db8323b3ec10d056025ab95c23a31997c9-refs/branch-heads/4951@{#904}) on port 56174
Only local connections are allowed.
Please see https://chromedriver.chromium.org/security-considerations for suggestions on keeping ChromeDriver safe.
ChromeDriver was started successfully.
May 08, 2022 10:39:58 PM org.openqa.selenium.remote.ProtocolHandshake createSession
INFO: Detected dialect: W3C
May 08, 2022 10:39:58 PM org.openqa.selenium.devtools.CdpVersionFinder findNearestMatch
INFO: Found exact CDP implementation for version 101
]]></system-err>
  </testcase>
  <testcase name="test2[[Ljava.lang.String;@72556aff](3)" classname="script.Demo2" time="0.298">
    <system-out><![CDATA[Google
A3
B3
]]></system-out>
    <system-err><![CDATA[Starting ChromeDriver 101.0.4951.41 (93c720db8323b3ec10d056025ab95c23a31997c9-refs/branch-heads/4951@{#904}) on port 54929
Only local connections are allowed.
Please see https://chromedriver.chromium.org/security-considerations for suggestions on keeping ChromeDriver safe.
ChromeDriver was started successfully.
console.warn: SearchSettings: "get: No settings file exists, new profile?" (new NotFoundError("Could not open the file at C:\\Users\\navin\\AppData\\Local\\Temp\\rust_mozprofileHvHzQW\\search.json.mozlz4", (void 0)))
DevTools listening on ws://localhost:61824/devtools/browser/cbea7df9-cd50-473e-9ac6-3559733674ed
1652067616461	Marionette	INFO	Listening on port 63200
Read port: 63200
1652067618699	RemoteAgent	WARN	TLS certificate errors will be ignored for this session
May 08, 2022 10:40:18 PM org.openqa.selenium.remote.ProtocolHandshake createSession
INFO: Detected dialect: W3C
May 08, 2022 10:40:19 PM org.openqa.selenium.remote.ProtocolHandshake createSession
INFO: Detected dialect: W3C
May 08, 2022 10:40:19 PM org.openqa.selenium.devtools.CdpVersionFinder findNearestMatch
INFO: Found exact CDP implementation for version 101
]]></system-err>
  </testcase>
  <testcase name="test3[[Ljava.lang.String;@71a6c3b2](1)" classname="script.Demo3" time="0.244">
    <system-out><![CDATA[A2
B2
]]></system-out>
    <system-err><![CDATA[1652067600230	Marionette	INFO	Stopped listening on port 62968

###!!! [Parent][PContentParent] Error: Send(msgname=PContent::Msg_DestroyBrowsingContextGroup) Closed channel: cannot send/recv


###!!! [Parent][PContentParent] Error: Send(msgname=PContent::Reply_DiscardBrowsingContext) Closed channel: cannot send/recv

[Parent 2296, IPC I/O Parent] WARNING: file /builds/worker/checkouts/gecko/ipc/chromium/src/base/process_util_win.cc:167
]]></system-err>
  </testcase>
  <testcase name="test3[[Ljava.lang.String;@1e47933c](2)" classname="script.Demo3" time="0.004">
    <system-out><![CDATA[A3

C3
]]></system-out>
    <system-err><![CDATA[Starting ChromeDriver 101.0.4951.41 (93c720db8323b3ec10d056025ab95c23a31997c9-refs/branch-heads/4951@{#904}) on port 63485
Only local connections are allowed.
Please see https://chromedriver.chromium.org/security-considerations for suggestions on keeping ChromeDriver safe.
ChromeDriver was started successfully.
1652067607624	geckodriver	INFO	Listening on 127.0.0.1:56096
1652067607660	mozrunner::runner	INFO	Running command: "C:\\Program Files\\Mozilla Firefox\\firefox.exe" "--marionette" "--remote-debugging-port" "61824" "--remote-allow-hosts" "localhost" "-no-remote" "-profile" "C:\\Users\\navin\\AppData\\Local\\Temp\\rust_mozprofileHvHzQW"
May 08, 2022 10:40:07 PM org.openqa.selenium.remote.ProtocolHandshake createSession
INFO: Detected dialect: W3C
May 08, 2022 10:40:07 PM org.openqa.selenium.devtools.CdpVersionFinder findNearestMatch
INFO: Found exact CDP implementation for version 101
1652067608528	Marionette	INFO	Marionette enabled
]]></system-err>
  </testcase>
  <testcase name="test3[[Ljava.lang.String;@16151f3c](3)" classname="script.Demo3" time="0.003">
    <system-out><![CDATA[A4
]]></system-out>
    <system-err><![CDATA[1652067625490	Marionette	INFO	Stopped listening on port 63200
!!! error running onStopped callback: TypeError: callback is not a function
[Parent 16176, IPC I/O Parent] WARNING: file /builds/worker/checkouts/gecko/ipc/chromium/src/base/process_util_win.cc:167
]]></system-err>
  </testcase>
  <testcase name="test3[[Ljava.lang.String;@45754f33](1)" classname="script.Demo3" time="0.002">
    <system-out><![CDATA[A2
B2
]]></system-out>
    <system-err><![CDATA[1652067630766	geckodriver	INFO	Listening on 127.0.0.1:54905
1652067630792	mozrunner::runner	INFO	Running command: "C:\\Program Files\\Mozilla Firefox\\firefox.exe" "--marionette" "--remote-debugging-port" "65079" "--remote-allow-hosts" "localhost" "-no-remote" "-profile" "C:\\Users\\navin\\AppData\\Local\\Temp\\rust_mozprofilerMWU1e"
1652067632677	Marionette	INFO	Marionette enabled
console.warn: SearchSettings: "get: No settings file exists, new profile?" (new NotFoundError("Could not open the file at C:\\Users\\navin\\AppData\\Local\\Temp\\rust_mozprofilerMWU1e\\search.json.mozlz4", (void 0)))
DevTools listening on ws://localhost:65079/devtools/browser/cd71a6ef-e792-45fb-b671-7b4edb404830
1652067636787	Marionette	INFO	Listening on port 63479
Read port: 63479
1652067643159	RemoteAgent	WARN	TLS certificate errors will be ignored for this session
May 08, 2022 10:40:43 PM org.openqa.selenium.remote.ProtocolHandshake createSession
INFO: Detected dialect: W3C
]]></system-err>
  </testcase>
  <testcase name="test3[[Ljava.lang.String;@375732b7](2)" classname="script.Demo3" time="0.003">
    <system-out><![CDATA[A3

C3
]]></system-out>
    <system-err><![CDATA[1652067645600	Marionette	INFO	Stopped listening on port 63479

###!!! [Child][PContentChild] Error: RunMessage(msgname=PContent::Msg_DestroyBrowsingContextGroup) Channel closing: too late to send/recv, messages will be lost


###!!! [Child][PContentChild] Error: RunMessage(msgname=PContent::Reply_DiscardBrowsingContext) Channel closing: too late to send/recv, messages will be lost

1652067649777	geckodriver	INFO	Listening on 127.0.0.1:50228
1652067649804	mozrunner::runner	INFO	Running command: "C:\\Program Files\\Mozilla Firefox\\firefox.exe" "--marionette" "--remote-debugging-port" "61069" "--remote-allow-hosts" "localhost" "-no-remote" "-profile" "C:\\Users\\navin\\AppData\\Local\\Temp\\rust_mozprofilekJCPdu"
1652067651518	Marionette	INFO	Marionette enabled
console.warn: SearchSettings: "get: No settings file exists, new profile?" (new NotFoundError("Could not open the file at C:\\Users\\navin\\AppData\\Local\\Temp\\rust_mozprofilekJCPdu\\search.json.mozlz4", (void 0)))
DevTools listening on ws://localhost:61069/devtools/browser/2dbee8e4-5127-4b14-9ce1-9a362849967d
1652067655164	Marionette	INFO	Listening on port 63707
Read port: 63707
1652067656575	RemoteAgent	WARN	TLS certificate errors will be ignored for this session
May 08, 2022 10:40:56 PM org.openqa.selenium.remote.ProtocolHandshake createSession
INFO: Detected dialect: W3C
]]></system-err>
  </testcase>
  <testcase name="test3[[Ljava.lang.String;@8ee4f01](3)" classname="script.Demo3" time="0.002">
    <system-out><![CDATA[A4
]]></system-out>
    <system-err><![CDATA[1652067659440	Marionette	INFO	Stopped listening on port 63707
JavaScript error: resource://gre/modules/UrlClassifierListManager.jsm, line 691: TypeError: this.tablesData[table] is undefined
JavaScript error: resource://services-settings/Utils.jsm, line 153: TypeError: NetworkError: Network request failed
JavaScript error: resource://gre/modules/AsyncShutdown.jsm, line 718: Error: Phase "Sqlite.jsm: wait until all connections are closed" is finished, it is too late to register completion condition "protections.sqlite#0: waiting for shutdown"
1652067663456	geckodriver	INFO	Listening on 127.0.0.1:55936
1652067663488	mozrunner::runner	INFO	Running command: "C:\\Program Files\\Mozilla Firefox\\firefox.exe" "--marionette" "--remote-debugging-port" "53472" "--remote-allow-hosts" "localhost" "-no-remote" "-profile" "C:\\Users\\navin\\AppData\\Local\\Temp\\rust_mozprofilewHNy7u"
1652067664013	Marionette	INFO	Marionette enabled
console.warn: SearchSettings: "get: No settings file exists, new profile?" (new NotFoundError("Could not open the file at C:\\Users\\navin\\AppData\\Local\\Temp\\rust_mozprofilewHNy7u\\search.json.mozlz4", (void 0)))
DevTools listening on ws://localhost:53472/devtools/browser/33c67ab3-8793-49a3-8af4-8738c687e3ab
1652067667633	Marionette	INFO	Listening on port 63945
Read port: 63945
1652067669147	RemoteAgent	WARN	TLS certificate errors will be ignored for this session
May 08, 2022 10:41:09 PM org.openqa.selenium.remote.ProtocolHandshake createSession
INFO: Detected dialect: W3C
]]></system-err>
  </testcase>
</testsuite>