<?xml version="1.0" encoding="UTF-8"?>
<testng-results ignored="0" total="1" passed="1" failed="0" skipped="0">
  <reporter-output>
  </reporter-output>
  <suite started-at="2022-05-11T22:44:37 CDT" name="Default suite" finished-at="2022-05-11T22:44:48 CDT" duration-ms="11072">
    <groups>
      <group name="smoke">
        <method signature="ValidLogin.testValidLogin(java.lang.String,java.lang.String,java.lang.String)[pri:1, instance:script.ValidLogin@1d2adfbe]" name="testValidLogin" class="script.ValidLogin"/>
      </group> <!-- smoke -->
    </groups>
    <test started-at="2022-05-11T22:44:37 CDT" name="Default test" finished-at="2022-05-11T22:44:48 CDT" duration-ms="11072">
      <class name="script.ValidLogin">
        <test-method is-config="true" signature="initReport()[pri:0, instance:script.ValidLogin@1d2adfbe]" started-at="2022-05-11T22:44:36 CDT" name="initReport" finished-at="2022-05-11T22:44:37 CDT" duration-ms="305" status="PASS">
          <reporter-output>
          </reporter-output>
        </test-method> <!-- initReport -->
        <test-method is-config="true" signature="createTest(java.lang.reflect.Method)[pri:0, instance:script.ValidLogin@1d2adfbe]" started-at="2022-05-11T22:44:37 CDT" name="createTest" finished-at="2022-05-11T22:44:37 CDT" duration-ms="7" status="PASS">
          <params>
            <param index="0">
              <value>
                <![CDATA[public void script.ValidLogin.testValidLogin(java.lang.String,java.lang.String,java.lang.String)]]>
              </value>
            </param>
          </params>
          <reporter-output>
          </reporter-output>
        </test-method> <!-- createTest -->
        <test-method is-config="true" signature="openApp(java.lang.String)[pri:0, instance:script.ValidLogin@1d2adfbe]" started-at="2022-05-11T22:44:37 CDT" name="openApp" finished-at="2022-05-11T22:44:45 CDT" duration-ms="7132" status="PASS">
          <params>
            <param index="0">
              <value>
                <![CDATA[./config.properties]]>
              </value>
            </param>
          </params>
          <reporter-output>
          </reporter-output>
        </test-method> <!-- openApp -->
        <test-method signature="testValidLogin(java.lang.String,java.lang.String,java.lang.String)[pri:1, instance:script.ValidLogin@1d2adfbe]" started-at="2022-05-11T22:44:45 CDT" name="testValidLogin" data-provider="getData" finished-at="2022-05-11T22:44:47 CDT" duration-ms="1999" status="PASS">
          <params>
            <param index="0">
              <value>
                <![CDATA[ADMIN]]>
              </value>
            </param>
            <param index="1">
              <value>
                <![CDATA[manager]]>
              </value>
            </param>
            <param index="2">
              <value>
                <![CDATA[actiTIME - Enter Time-Track]]>
              </value>
            </param>
          </params>
          <reporter-output>
          </reporter-output>
        </test-method> <!-- testValidLogin -->
        <test-method is-config="true" signature="closeApp(org.testng.ITestResult)[pri:0, instance:script.ValidLogin@1d2adfbe]" started-at="2022-05-11T22:44:47 CDT" name="closeApp" finished-at="2022-05-11T22:44:48 CDT" duration-ms="1099" status="PASS">
          <params>
            <param index="0">
              <value>
                <![CDATA[[TestResult name=testValidLogin status=SUCCESS method=ValidLogin.testValidLogin(java.lang.String,java.lang.String,java.lang.String)[pri:1, instance:script.ValidLogin@1d2adfbe] output={null}]]]>
              </value>
            </param>
          </params>
          <reporter-output>
          </reporter-output>
        </test-method> <!-- closeApp -->
        <test-method is-config="true" signature="publishReport()[pri:0, instance:script.ValidLogin@1d2adfbe]" started-at="2022-05-11T22:44:48 CDT" name="publishReport" finished-at="2022-05-11T22:44:48 CDT" duration-ms="454" status="PASS">
          <reporter-output>
          </reporter-output>
        </test-method> <!-- publishReport -->
      </class> <!-- script.ValidLogin -->
    </test> <!-- Default test -->
  </suite> <!-- Default suite -->
</testng-results>
